<?xml version="1.0" encoding="UTF-8"?>
<!-- Generated by org.testng.reporters.JUnitXMLReporter -->
<testsuite hostname="LAPTOP-40O8Q5IK" name="Default test" tests="3" failures="0" timestamp="4 Aug 2019 12:06:10 GMT" time="17.02" errors="0">
  <testcase name="validateRegPage" time="12.921" classname="com.vcentry.tnstc.testcases.RegPageTest"/>
  <testcase name="validateRegPage" time="1.54" classname="com.vcentry.tnstc.testcases.RegPageTest"/>
  <testcase name="validateRegPage" time="1.349" classname="com.vcentry.tnstc.testcases.RegPageTest"/>
</testsuite> <!-- Default test -->
