<?xml version="1.0" encoding="UTF-8"?>
<testng-results skipped="0" failed="0" total="3" passed="3">
  <reporter-output>
  </reporter-output>
  <suite name="Default suite" duration-ms="17020" started-at="2019-08-04T12:05:53Z" finished-at="2019-08-04T12:06:10Z">
    <groups>
    </groups>
    <test name="Default test" duration-ms="17020" started-at="2019-08-04T12:05:53Z" finished-at="2019-08-04T12:06:10Z">
      <class name="com.vcentry.tnstc.testcases.RegPageTest">
        <test-method status="PASS" signature="validateRegPage(java.lang.String, java.lang.String, java.lang.String, java.lang.String, java.lang.String)[pri:0, instance:com.vcentry.tnstc.testcases.RegPageTest@35bbe5e8]" name="validateRegPage" duration-ms="12921" started-at="2019-08-04T17:35:54Z" data-provider="RegPageTest" finished-at="2019-08-04T17:36:07Z">
          <params>
            <param index="0">
              <value>
                <![CDATA[vcentrya]]>
              </value>
            </param>
            <param index="1">
              <value>
                <![CDATA[vcentry123]]>
              </value>
            </param>
            <param index="2">
              <value>
                <![CDATA[vcentry123]]>
              </value>
            </param>
            <param index="3">
              <value>
                <![CDATA[High school name?]]>
              </value>
            </param>
            <param index="4">
              <value>
                <![CDATA[cbdahdbvk]]>
              </value>
            </param>
          </params>
          <reporter-output>
          </reporter-output>
        </test-method> <!-- validateRegPage -->
        <test-method status="PASS" signature="validateRegPage(java.lang.String, java.lang.String, java.lang.String, java.lang.String, java.lang.String)[pri:0, instance:com.vcentry.tnstc.testcases.RegPageTest@35bbe5e8]" name="validateRegPage" duration-ms="1540" started-at="2019-08-04T17:36:07Z" data-provider="RegPageTest" finished-at="2019-08-04T17:36:09Z">
          <params>
            <param index="0">
              <value>
                <![CDATA[vcentryb]]>
              </value>
            </param>
            <param index="1">
              <value>
                <![CDATA[vcentry523]]>
              </value>
            </param>
            <param index="2">
              <value>
                <![CDATA[vcentry523]]>
              </value>
            </param>
            <param index="3">
              <value>
                <![CDATA[High school name?]]>
              </value>
            </param>
            <param index="4">
              <value>
                <![CDATA[cbdahdbgk]]>
              </value>
            </param>
          </params>
          <reporter-output>
          </reporter-output>
        </test-method> <!-- validateRegPage -->
        <test-method status="PASS" signature="validateRegPage(java.lang.String, java.lang.String, java.lang.String, java.lang.String, java.lang.String)[pri:0, instance:com.vcentry.tnstc.testcases.RegPageTest@35bbe5e8]" name="validateRegPage" duration-ms="1349" started-at="2019-08-04T17:36:09Z" data-provider="RegPageTest" finished-at="2019-08-04T17:36:10Z">
          <params>
            <param index="0">
              <value>
                <![CDATA[vcentryc]]>
              </value>
            </param>
            <param index="1">
              <value>
                <![CDATA[vcentry623]]>
              </value>
            </param>
            <param index="2">
              <value>
                <![CDATA[vcentry623]]>
              </value>
            </param>
            <param index="3">
              <value>
                <![CDATA[High school name?]]>
              </value>
            </param>
            <param index="4">
              <value>
                <![CDATA[cbdahdbyk]]>
              </value>
            </param>
          </params>
          <reporter-output>
          </reporter-output>
        </test-method> <!-- validateRegPage -->
      </class> <!-- com.vcentry.tnstc.testcases.RegPageTest -->
    </test> <!-- Default test -->
  </suite> <!-- Default suite -->
</testng-results>
